Base path: C:/Program Files/Unity/Editor/Data
Pipe name: \\.\pipe\UnityShaderCompiler-64bit-4-195248
Cmd: getPlatforms
Cmd: compileSnippet
  api=1 type=0 insize=740358 outsize=2265 kw=DIRECTIONAL SHADOWS_OFF LIGHTMAP_OFF DIRLIGHTMAP_OFF DYNAMICLIGHTMAP_OFF VERTEXLIGHT_ON V_CW_VERTEX_COLOR_OFF V_CW_RIM_OFF V_CW_REFLECTIVE_OFF _EMISSION_OFF _NORMALMAP_OFF V_CW_SPECULAR_OFF ok=1
Cmd: compileSnippet
  api=4 type=0 insize=740358 outsize=9058 kw=DIRECTIONAL SHADOWS_SCREEN LIGHTMAP_OFF DIRLIGHTMAP_OFF DYNAMICLIGHTMAP_OFF VERTEXLIGHT_ON V_CW_VERTEX_COLOR_OFF V_CW_RIM_OFF V_CW_REFLECTIVE_OFF _EMISSION_OFF _NORMALMAP_OFF V_CW_SPECULAR_OFF ok=1
Cmd: compileSnippet
  api=1 type=1 insize=740358 outsize=439 kw=DIRECTIONAL SHADOWS_OFF LIGHTMAP_OFF DIRLIGHTMAP_OFF DYNAMICLIGHTMAP_OFF V_CW_VERTEX_COLOR_OFF V_CW_RIM_OFF V_CW_REFLECTIVE_OFF _EMISSION_OFF _NORMALMAP_OFF V_CW_SPECULAR_OFF ok=1
Cmd: compileSnippet
  api=4 type=0 insize=468814 outsize=6539 kw=SPOT V_CW_VERTEX_COLOR_OFF V_CW_RIM_OFF V_CW_REFLECTIVE_OFF _EMISSION_OFF _NORMALMAP_OFF V_CW_SPECULAR_OFF ok=1
Cmd: compileSnippet
  api=1 type=1 insize=468814 outsize=629 kw=SPOT V_CW_VERTEX_COLOR_OFF V_CW_RIM_OFF V_CW_REFLECTIVE_OFF _EMISSION_OFF _NORMALMAP_OFF V_CW_SPECULAR_OFF ok=1
Cmd: compileSnippet
  api=1 type=1 insize=468814 outsize=413 kw=DIRECTIONAL_COOKIE V_CW_VERTEX_COLOR_OFF V_CW_RIM_OFF V_CW_REFLECTIVE_OFF _EMISSION_OFF _NORMALMAP_OFF V_CW_SPECULAR_OFF ok=1
Cmd: compileSnippet
  api=1 type=0 insize=659564 outsize=1978 kw=LIGHTMAP_OFF DIRLIGHTMAP_OFF DYNAMICLIGHTMAP_OFF UNITY_HDR_ON V_CW_VERTEX_COLOR_OFF V_CW_RIM_OFF V_CW_REFLECTIVE_OFF _EMISSION_OFF _NORMALMAP_OFF V_CW_SPECULAR_OFF ok=1
Cmd: compileSnippet
  api=1 type=1 insize=659564 outsize=269 kw=LIGHTMAP_OFF DIRLIGHTMAP_OFF DYNAMICLIGHTMAP_OFF UNITY_HDR_ON V_CW_VERTEX_COLOR_OFF V_CW_RIM_OFF V_CW_REFLECTIVE_OFF _EMISSION_OFF _NORMALMAP_OFF V_CW_SPECULAR_OFF ok=1
Cmd: compileSnippet
  api=1 type=0 insize=691786 outsize=1776 kw=LIGHTMAP_OFF DIRLIGHTMAP_OFF DYNAMICLIGHTMAP_OFF UNITY_HDR_ON V_CW_VERTEX_COLOR_OFF V_CW_RIM_OFF V_CW_REFLECTIVE_OFF _EMISSION_OFF _NORMALMAP_OFF V_CW_SPECULAR_OFF ok=1
Cmd: compileSnippet
  api=4 type=1 insize=691786 outsize=2111 kw=LIGHTMAP_OFF DIRLIGHTMAP_OFF DYNAMICLIGHTMAP_OFF UNITY_HDR_ON V_CW_VERTEX_COLOR_OFF V_CW_RIM_OFF V_CW_REFLECTIVE_OFF _EMISSION_OFF _NORMALMAP_OFF V_CW_SPECULAR_OFF ok=1
Cmd: compileSnippet
  api=4 type=0 insize=315434 outsize=2834 kw=SHADOWS_CUBE V_CW_VERTEX_COLOR_OFF V_CW_RIM_OFF V_CW_REFLECTIVE_OFF _EMISSION_OFF _NORMALMAP_OFF V_CW_SPECULAR_OFF ok=1
Cmd: compileSnippet
  api=1 type=1 insize=315434 outsize=98 kw=SHADOWS_CUBE V_CW_VERTEX_COLOR_OFF V_CW_RIM_OFF V_CW_REFLECTIVE_OFF _EMISSION_OFF _NORMALMAP_OFF V_CW_SPECULAR_OFF ok=1
Cmd: compileSnippet
  api=4 type=0 insize=728083 outsize=8611 kw=DIRECTIONAL LIGHTMAP_OFF DIRLIGHTMAP_OFF DYNAMICLIGHTMAP_OFF VERTEXLIGHT_ON V_CW_VERTEX_COLOR_OFF V_CW_RIM_OFF V_CW_REFLECTIVE_OFF _EMISSION_OFF _NORMALMAP_OFF V_CW_SPECULAR_OFF ok=1
Cmd: compileSnippet
  api=4 type=0 insize=457110 outsize=6539 kw=SPOT V_CW_VERTEX_COLOR_OFF V_CW_RIM_OFF V_CW_REFLECTIVE_OFF _EMISSION_OFF _NORMALMAP_OFF V_CW_SPECULAR_OFF ok=1
Cmd: compileSnippet
  api=4 type=0 insize=457110 outsize=6539 kw=DIRECTIONAL_COOKIE V_CW_VERTEX_COLOR_OFF V_CW_RIM_OFF V_CW_REFLECTIVE_OFF _EMISSION_OFF _NORMALMAP_OFF V_CW_SPECULAR_OFF ok=1
Cmd: compileSnippet
  api=4 type=1 insize=457110 outsize=2590 kw=SPOT V_CW_VERTEX_COLOR_OFF V_CW_RIM_OFF V_CW_REFLECTIVE_OFF _EMISSION_OFF _NORMALMAP_OFF V_CW_SPECULAR_OFF ok=1
Cmd: compileSnippet
  api=1 type=1 insize=457110 outsize=419 kw=DIRECTIONAL_COOKIE V_CW_VERTEX_COLOR_OFF V_CW_RIM_OFF V_CW_REFLECTIVE_OFF _EMISSION_OFF _NORMALMAP_OFF V_CW_SPECULAR_OFF ok=1
Unhandled exception: Readfile from pipe failed. GLE=The pipe has been ended.


Quitting shader compiler process
