Base path: C:/Program Files/Unity/Editor/Data
Pipe name: \\.\pipe\UnityShaderCompiler-64bit-2-195004
Cmd: getPlatforms
Cmd: compileSnippet
  api=1 type=0 insize=740358 outsize=1894 kw=DIRECTIONAL SHADOWS_SCREEN LIGHTMAP_OFF DIRLIGHTMAP_OFF DYNAMICLIGHTMAP_OFF V_CW_VERTEX_COLOR_OFF V_CW_RIM_OFF V_CW_REFLECTIVE_OFF _EMISSION_OFF _NORMALMAP_OFF V_CW_SPECULAR_OFF ok=1
Cmd: compileSnippet
  api=1 type=0 insize=740358 outsize=2414 kw=DIRECTIONAL SHADOWS_SCREEN LIGHTMAP_OFF DIRLIGHTMAP_OFF DYNAMICLIGHTMAP_OFF VERTEXLIGHT_ON V_CW_VERTEX_COLOR_OFF V_CW_RIM_OFF V_CW_REFLECTIVE_OFF _EMISSION_OFF _NORMALMAP_OFF V_CW_SPECULAR_OFF ok=1
Cmd: compileSnippet
  api=1 type=0 insize=468814 outsize=1593 kw=DIRECTIONAL V_CW_VERTEX_COLOR_OFF V_CW_RIM_OFF V_CW_REFLECTIVE_OFF _EMISSION_OFF _NORMALMAP_OFF V_CW_SPECULAR_OFF ok=1
Cmd: compileSnippet
  api=4 type=0 insize=468814 outsize=6539 kw=DIRECTIONAL_COOKIE V_CW_VERTEX_COLOR_OFF V_CW_RIM_OFF V_CW_REFLECTIVE_OFF _EMISSION_OFF _NORMALMAP_OFF V_CW_SPECULAR_OFF ok=1
Cmd: compileSnippet
  api=4 type=1 insize=468814 outsize=2566 kw=SPOT V_CW_VERTEX_COLOR_OFF V_CW_RIM_OFF V_CW_REFLECTIVE_OFF _EMISSION_OFF _NORMALMAP_OFF V_CW_SPECULAR_OFF ok=1
Cmd: compileSnippet
  api=4 type=1 insize=468814 outsize=1794 kw=DIRECTIONAL_COOKIE V_CW_VERTEX_COLOR_OFF V_CW_RIM_OFF V_CW_REFLECTIVE_OFF _EMISSION_OFF _NORMALMAP_OFF V_CW_SPECULAR_OFF ok=1
Cmd: compileSnippet
  api=4 type=0 insize=659564 outsize=7920 kw=LIGHTMAP_OFF DIRLIGHTMAP_OFF DYNAMICLIGHTMAP_OFF UNITY_HDR_ON V_CW_VERTEX_COLOR_OFF V_CW_RIM_OFF V_CW_REFLECTIVE_OFF _EMISSION_OFF _NORMALMAP_OFF V_CW_SPECULAR_OFF ok=1
Cmd: compileSnippet
  api=4 type=1 insize=659564 outsize=1436 kw=LIGHTMAP_OFF DIRLIGHTMAP_OFF DYNAMICLIGHTMAP_OFF UNITY_HDR_ON V_CW_VERTEX_COLOR_OFF V_CW_RIM_OFF V_CW_REFLECTIVE_OFF _EMISSION_OFF _NORMALMAP_OFF V_CW_SPECULAR_OFF ok=1
Cmd: compileSnippet
  api=4 type=0 insize=691786 outsize=7294 kw=LIGHTMAP_OFF DIRLIGHTMAP_OFF DYNAMICLIGHTMAP_OFF UNITY_HDR_ON V_CW_VERTEX_COLOR_OFF V_CW_RIM_OFF V_CW_REFLECTIVE_OFF _EMISSION_OFF _NORMALMAP_OFF V_CW_SPECULAR_OFF ok=1
Cmd: compileSnippet
  api=1 type=1 insize=691786 outsize=466 kw=LIGHTMAP_OFF DIRLIGHTMAP_OFF DYNAMICLIGHTMAP_OFF UNITY_HDR_ON V_CW_VERTEX_COLOR_OFF V_CW_RIM_OFF V_CW_REFLECTIVE_OFF _EMISSION_OFF _NORMALMAP_OFF V_CW_SPECULAR_OFF ok=1
Cmd: compileSnippet
  api=1 type=0 insize=315434 outsize=535 kw=SHADOWS_CUBE V_CW_VERTEX_COLOR_OFF V_CW_RIM_OFF V_CW_REFLECTIVE_OFF _EMISSION_OFF _NORMALMAP_OFF V_CW_SPECULAR_OFF ok=1
Cmd: compileSnippet
  api=4 type=1 insize=315434 outsize=746 kw=SHADOWS_CUBE V_CW_VERTEX_COLOR_OFF V_CW_RIM_OFF V_CW_REFLECTIVE_OFF _EMISSION_OFF _NORMALMAP_OFF V_CW_SPECULAR_OFF ok=1
Cmd: compileSnippet
  api=1 type=0 insize=728083 outsize=2265 kw=DIRECTIONAL LIGHTMAP_OFF DIRLIGHTMAP_OFF DYNAMICLIGHTMAP_OFF VERTEXLIGHT_ON V_CW_VERTEX_COLOR_OFF V_CW_RIM_OFF V_CW_REFLECTIVE_OFF _EMISSION_OFF _NORMALMAP_OFF V_CW_SPECULAR_OFF ok=1
Cmd: compileSnippet
  api=1 type=0 insize=457110 outsize=1593 kw=SPOT V_CW_VERTEX_COLOR_OFF V_CW_RIM_OFF V_CW_REFLECTIVE_OFF _EMISSION_OFF _NORMALMAP_OFF V_CW_SPECULAR_OFF ok=1
Cmd: compileSnippet
  api=1 type=0 insize=457110 outsize=1593 kw=DIRECTIONAL_COOKIE V_CW_VERTEX_COLOR_OFF V_CW_RIM_OFF V_CW_REFLECTIVE_OFF _EMISSION_OFF _NORMALMAP_OFF V_CW_SPECULAR_OFF ok=1
Cmd: compileSnippet
  api=1 type=1 insize=457110 outsize=276 kw=DIRECTIONAL V_CW_VERTEX_COLOR_OFF V_CW_RIM_OFF V_CW_REFLECTIVE_OFF _EMISSION_OFF _NORMALMAP_OFF V_CW_SPECULAR_OFF ok=1
Cmd: compileSnippet
  api=1 type=1 insize=457110 outsize=543 kw=POINT_COOKIE V_CW_VERTEX_COLOR_OFF V_CW_RIM_OFF V_CW_REFLECTIVE_OFF _EMISSION_OFF _NORMALMAP_OFF V_CW_SPECULAR_OFF ok=1
Unhandled exception: Readfile from pipe failed. GLE=The pipe has been ended.


Quitting shader compiler process
