Base path: C:/Program Files/Unity/Editor/Data
Pipe name: \\.\pipe\UnityShaderCompiler-64bit-3-192724
Cmd: getPlatforms
Cmd: compileSnippet
  api=4 type=0 insize=740358 outsize=8611 kw=DIRECTIONAL SHADOWS_OFF LIGHTMAP_OFF DIRLIGHTMAP_OFF DYNAMICLIGHTMAP_OFF VERTEXLIGHT_ON V_CW_VERTEX_COLOR_OFF V_CW_RIM_OFF V_CW_REFLECTIVE_OFF _EMISSION_OFF _NORMALMAP_OFF V_CW_SPECULAR_OFF ok=1
Cmd: compileSnippet
  api=1 type=0 insize=468814 outsize=1593 kw=SPOT V_CW_VERTEX_COLOR_OFF V_CW_RIM_OFF V_CW_REFLECTIVE_OFF _EMISSION_OFF _NORMALMAP_OFF V_CW_SPECULAR_OFF ok=1
Cmd: compileSnippet
  api=4 type=0 insize=468814 outsize=6539 kw=POINT_COOKIE V_CW_VERTEX_COLOR_OFF V_CW_RIM_OFF V_CW_REFLECTIVE_OFF _EMISSION_OFF _NORMALMAP_OFF V_CW_SPECULAR_OFF ok=1
Cmd: compileSnippet
  api=1 type=1 insize=468814 outsize=270 kw=DIRECTIONAL V_CW_VERTEX_COLOR_OFF V_CW_RIM_OFF V_CW_REFLECTIVE_OFF _EMISSION_OFF _NORMALMAP_OFF V_CW_SPECULAR_OFF ok=1
Cmd: compileSnippet
  api=1 type=1 insize=468814 outsize=537 kw=POINT_COOKIE V_CW_VERTEX_COLOR_OFF V_CW_RIM_OFF V_CW_REFLECTIVE_OFF _EMISSION_OFF _NORMALMAP_OFF V_CW_SPECULAR_OFF ok=1
Cmd: compileSnippet
  api=1 type=0 insize=457110 outsize=1593 kw=DIRECTIONAL V_CW_VERTEX_COLOR_OFF V_CW_RIM_OFF V_CW_REFLECTIVE_OFF _EMISSION_OFF _NORMALMAP_OFF V_CW_SPECULAR_OFF ok=1
Cmd: compileSnippet
  api=4 type=0 insize=457110 outsize=6539 kw=POINT_COOKIE V_CW_VERTEX_COLOR_OFF V_CW_RIM_OFF V_CW_REFLECTIVE_OFF _EMISSION_OFF _NORMALMAP_OFF V_CW_SPECULAR_OFF ok=1
Cmd: compileSnippet
  api=1 type=1 insize=457110 outsize=635 kw=SPOT V_CW_VERTEX_COLOR_OFF V_CW_RIM_OFF V_CW_REFLECTIVE_OFF _EMISSION_OFF _NORMALMAP_OFF V_CW_SPECULAR_OFF ok=1
Cmd: compileSnippet
  api=4 type=1 insize=457110 outsize=1818 kw=DIRECTIONAL_COOKIE V_CW_VERTEX_COLOR_OFF V_CW_RIM_OFF V_CW_REFLECTIVE_OFF _EMISSION_OFF _NORMALMAP_OFF V_CW_SPECULAR_OFF ok=1
Unhandled exception: Readfile from pipe failed. GLE=The pipe has been ended.


Quitting shader compiler process
